<?xml version="1.0" encoding="UTF-8"?>
<testng-results skipped="0" failed="0" ignored="3" total="4" passed="1">
  <reporter-output>
  </reporter-output>
  <suite name="Default suite" duration-ms="4417" started-at="2020-11-01T14:37:34 IST" finished-at="2020-11-01T14:37:38 IST">
    <groups>
    </groups>
    <test name="Default test" duration-ms="4417" started-at="2020-11-01T14:37:34 IST" finished-at="2020-11-01T14:37:38 IST">
      <class name="Test2">
        <test-method status="PASS" signature="getRequestclient()[pri:0, instance:Test2@3712b94]" name="getRequestclient" duration-ms="4386" started-at="2020-11-01T14:37:34 IST" finished-at="2020-11-01T14:37:38 IST">
          <reporter-output>
          </reporter-output>
        </test-method> <!-- getRequestclient -->
      </class> <!-- Test2 -->
    </test> <!-- Default test -->
  </suite> <!-- Default suite -->
</testng-results>
