<?xml version="1.0" encoding="UTF-8"?>
<!-- Generated by org.testng.reporters.JUnitXMLReporter -->
<testsuite hostname="GS-4885" ignored="3" tests="1" failures="0" timestamp="2020-11-01T14:37:38 IST" time="4.417" errors="0">
  <testcase name="getRequestclient" time="4.386" classname="Test2"/>
  <testcase name="t1" time="0.0" classname="Test2">
    <ignored/>
  </testcase> <!-- t1 -->
  <testcase name="webtable" time="0.0" classname="Test2">
    <ignored/>
  </testcase> <!-- webtable -->
  <testcase name="getRequest" time="0.0" classname="Test2">
    <ignored/>
  </testcase> <!-- getRequest -->
</testsuite>
